Arguments: 
  /home/jkishbaugh/.asdf/installs/nodejs/15.3.0/bin/node /usr/share/yarn/bin/yarn.js init

PATH: 
  /home/jkishbaugh/.asdf/installs/nodejs/15.3.0/bin:/home/jkishbaugh/.asdf/installs/nodejs/15.3.0/.npm/bin:/home/jkishbaugh/sdk/go1.15.5/bin:/home/jkishbaugh/.asdf/installs/golang/bin:/home/jkishbaugh/.opam/4.09.0/bin:/home/jkishbaugh/.asdf/shims:/home/jkishbaugh/.asdf/bin:/home/jkishbaugh/.opam/4.09.0/bin:/home/jkishbaugh/.cargo/bin:/usr/local/sbin:/usr/local/bin:/usr/sbin:/usr/bin:/sbin:/bin:/usr/games:/usr/local/games:/usr/lib/wsl/lib:/mnt/c/Program Files (x86)/Common Files/Oracle/Java/javapath:/mnt/c/WINDOWS/system32:/mnt/c/WINDOWS:/mnt/c/WINDOWS/System32/Wbem:/mnt/c/WINDOWS/System32/WindowsPowerShell/v1.0/:/mnt/c/WINDOWS/System32/OpenSSH/:/mnt/c/Program Files/dotnet/:/mnt/c/ProgramData/chocolatey/bin:/mnt/c/Program Files (x86)/php72/:/mnt/c/Program Files (x86)/arcanist/arcanist/bin:/mnt/c/Program Files (x86)/Microsoft SQL Server/150/DTS/Binn/:/mnt/c/Program Files/Azure Data Studio/bin:/mnt/c/Program Files/Git/cmd:/mnt/c/Program Files/MongoDB/Server/4.4/bin:/mnt/c/Program Files/Docker/Docker/resources/bin:/mnt/c/ProgramData/DockerDesktop/version-bin:/mnt/c/Program Files/Microsoft SQL Server/Client SDK/ODBC/170/Tools/Binn/:/mnt/c/Program Files (x86)/Microsoft SQL Server/150/Tools/Binn/:/mnt/c/Program Files/Microsoft SQL Server/150/Tools/Binn/:/mnt/c/Program Files/Microsoft SQL Server/150/DTS/Binn/:/mnt/c/Program Files/Go/bin:/mnt/c/Users/jkishbaugh/AppData/Local/Microsoft/WindowsApps:/mnt/c/Users/jkishbaugh/AppData/Local/Programs/Microsoft VS Code/bin:/mnt/c/tools/mysql/current/bin:/mnt/c/Users/jkishbaugh/.dotnet/tools:/mnt/c/Users/jkishbaugh/AppData/Local/hyper/app-3.0.2/resources/bin:/mnt/c/Users/jkishbaugh/go/bin:/home/jkishbaugh/.yarn/bin::/bin:/home/jkishbaugh/.fzf/bin:/home/jkishbaugh/.yarn/bin::/bin

Yarn version: 
  1.22.5

Node version: 
  15.3.0

Platform: 
  linux x64

Trace: 
  Error: canceled
      at Interface.<anonymous> (/usr/share/yarn/lib/cli.js:137009:13)
      at Interface.emit (node:events:376:20)
      at Interface._ttyWrite (node:readline:880:16)
      at ReadStream.onkeypress (node:readline:213:10)
      at ReadStream.emit (node:events:376:20)
      at emitKeys (node:internal/readline/utils:345:14)
      at emitKeys.next (<anonymous>)
      at ReadStream.onData (node:readline:1149:36)
      at ReadStream.emit (node:events:376:20)
      at addChunk (node:internal/streams/readable:304:12)

npm manifest: 
  No manifest

yarn manifest: 
  No manifest

Lockfile: 
  No lockfile
